# JRE version: Java(TM) SE Runtime Environment (8.0_144-b01) (build 1.8.0_144-b01)
# Java VM: Java HotSpot(TM) 64-Bit Server VM (25.144-b01 mixed mode windows-amd64 compressed oops)
Heap:
 PSYoungGen      total 308224K, used 165491K [0x00000000e0000000, 0x00000000f5980000, 0x0000000100000000)
  eden space 278016K, 48% used [0x00000000e0000000,0x00000000e8424968,0x00000000f0f80000)
  from space 30208K, 99% used [0x00000000f1b80000,0x00000000f38f8410,0x00000000f3900000)
  to   space 33280K, 0% used [0x00000000f3900000,0x00000000f3900000,0x00000000f5980000)
 ParOldGen       total 110080K, used 46260K [0x00000000a0000000, 0x00000000a6b80000, 0x00000000e0000000)
  object space 110080K, 42% used [0x00000000a0000000,0x00000000a2d2d288,0x00000000a6b80000)
 Metaspace       used 78075K, capacity 81956K, committed 82088K, reserved 1120256K
  class space    used 10441K, capacity 11336K, committed 11440K, reserved 1048576K
GC Heap History (10 events):
Event: 123.817 GC heap before
{Heap before GC invocations=16 (full 2):
 PSYoungGen      total 207872K, used 95971K [0x00000000e0000000, 0x00000000f0e80000, 0x0000000100000000)
  eden space 194048K, 42% used [0x00000000e0000000,0x00000000e5039418,0x00000000ebd80000)
  from space 13824K, 99% used [0x00000000ebd80000,0x00000000ecaff9a0,0x00000000ecb00000)
  to   space 19456K, 0% used [0x00000000efb80000,0x00000000efb80000,0x00000000f0e80000)
 ParOldGen       total 71680K, used 30181K [0x00000000a0000000, 0x00000000a4600000, 0x00000000e0000000)
  object space 71680K, 42% used [0x00000000a0000000,0x00000000a1d79768,0x00000000a4600000)
 Metaspace       used 57403K, capacity 59076K, committed 59160K, reserved 1099776K
  class space    used 7661K, capacity 8078K, committed 8112K, reserved 1048576K
Event: 123.835 GC heap after
Heap after GC invocations=16 (full 2):
 PSYoungGen      total 253952K, used 19440K [0x00000000e0000000, 0x00000000f1880000, 0x0000000100000000)
  eden space 234496K, 0% used [0x00000000e0000000,0x00000000e0000000,0x00000000ee500000)
  from space 19456K, 99% used [0x00000000efb80000,0x00000000f0e7c180,0x00000000f0e80000)
  to   space 23040K, 0% used [0x00000000ee500000,0x00000000ee500000,0x00000000efb80000)
 ParOldGen       total 71680K, used 31205K [0x00000000a0000000, 0x00000000a4600000, 0x00000000e0000000)
  object space 71680K, 43% used [0x00000000a0000000,0x00000000a1e79770,0x00000000a4600000)
 Metaspace       used 57403K, capacity 59076K, committed 59160K, reserved 1099776K
  class space    used 7661K, capacity 8078K, committed 8112K, reserved 1048576K
}
Event: 123.835 GC heap before
{Heap before GC invocations=17 (full 3):
 PSYoungGen      total 253952K, used 19440K [0x00000000e0000000, 0x00000000f1880000, 0x0000000100000000)
  eden space 234496K, 0% used [0x00000000e0000000,0x00000000e0000000,0x00000000ee500000)
  from space 19456K, 99% used [0x00000000efb80000,0x00000000f0e7c180,0x00000000f0e80000)
  to   space 23040K, 0% used [0x00000000ee500000,0x00000000ee500000,0x00000000efb80000)
 ParOldGen       total 71680K, used 31205K [0x00000000a0000000, 0x00000000a4600000, 0x00000000e0000000)
  object space 71680K, 43% used [0x00000000a0000000,0x00000000a1e79770,0x00000000a4600000)
 Metaspace       used 57403K, capacity 59076K, committed 59160K, reserved 1099776K
  class space    used 7661K, capacity 8078K, committed 8112K, reserved 1048576K
Event: 124.018 GC heap after
Heap after GC invocations=17 (full 3):
 PSYoungGen      total 253952K, used 0K [0x00000000e0000000, 0x00000000f1880000, 0x0000000100000000)
  eden space 234496K, 0% used [0x00000000e0000000,0x00000000e0000000,0x00000000ee500000)
  from space 19456K, 0% used [0x00000000efb80000,0x00000000efb80000,0x00000000f0e80000)
  to   space 23040K, 0% used [0x00000000ee500000,0x00000000ee500000,0x00000000efb80000)
 ParOldGen       total 110080K, used 39038K [0x00000000a0000000, 0x00000000a6b80000, 0x00000000e0000000)
  object space 110080K, 35% used [0x00000000a0000000,0x00000000a261f948,0x00000000a6b80000)
 Metaspace       used 57350K, capacity 58932K, committed 59160K, reserved 1099776K
  class space    used 7645K, capacity 8031K, committed 8112K, reserved 1048576K
}
Event: 130.410 GC heap before
{Heap before GC invocations=18 (full 3):
 PSYoungGen      total 253952K, used 234496K [0x00000000e0000000, 0x00000000f1880000, 0x0000000100000000)
  eden space 234496K, 100% used [0x00000000e0000000,0x00000000ee500000,0x00000000ee500000)
  from space 19456K, 0% used [0x00000000efb80000,0x00000000efb80000,0x00000000f0e80000)
  to   space 23040K, 0% used [0x00000000ee500000,0x00000000ee500000,0x00000000efb80000)
 ParOldGen       total 110080K, used 39038K [0x00000000a0000000, 0x00000000a6b80000, 0x00000000e0000000)
  object space 110080K, 35% used [0x00000000a0000000,0x00000000a261f948,0x00000000a6b80000)
 Metaspace       used 61129K, capacity 62994K, committed 63016K, reserved 1103872K
  class space    used 8306K, capacity 8740K, committed 8752K, reserved 1048576K
Event: 130.439 GC heap after
Heap after GC invocations=18 (full 3):
 PSYoungGen      total 257536K, used 20774K [0x00000000e0000000, 0x00000000f5700000, 0x0000000100000000)
  eden space 234496K, 0% used [0x00000000e0000000,0x00000000e0000000,0x00000000ee500000)
  from space 23040K, 90% used [0x00000000ee500000,0x00000000ef949b70,0x00000000efb80000)
  to   space 26112K, 0% used [0x00000000f3d80000,0x00000000f3d80000,0x00000000f5700000)
 ParOldGen       total 110080K, used 39046K [0x00000000a0000000, 0x00000000a6b80000, 0x00000000e0000000)
  object space 110080K, 35% used [0x00000000a0000000,0x00000000a2621948,0x00000000a6b80000)
 Metaspace       used 61129K, capacity 62994K, committed 63016K, reserved 1103872K
  class space    used 8306K, capacity 8740K, committed 8752K, reserved 1048576K
}
Event: 226.327 GC heap before
{Heap before GC invocations=19 (full 3):
 PSYoungGen      total 257536K, used 255270K [0x00000000e0000000, 0x00000000f5700000, 0x0000000100000000)
  eden space 234496K, 100% used [0x00000000e0000000,0x00000000ee500000,0x00000000ee500000)
  from space 23040K, 90% used [0x00000000ee500000,0x00000000ef949b70,0x00000000efb80000)
  to   space 26112K, 0% used [0x00000000f3d80000,0x00000000f3d80000,0x00000000f5700000)
 ParOldGen       total 110080K, used 39046K [0x00000000a0000000, 0x00000000a6b80000, 0x00000000e0000000)
  object space 110080K, 35% used [0x00000000a0000000,0x00000000a2621948,0x00000000a6b80000)
 Metaspace       used 65326K, capacity 67864K, committed 68008K, reserved 1107968K
  class space    used 8750K, capacity 9350K, committed 9392K, reserved 1048576K
Event: 226.350 GC heap after
Heap after GC invocations=19 (full 3):
 PSYoungGen      total 315392K, used 25548K [0x00000000e0000000, 0x00000000f5680000, 0x0000000100000000)
  eden space 289792K, 0% used [0x00000000e0000000,0x00000000e0000000,0x00000000f1b00000)
  from space 25600K, 99% used [0x00000000f3d80000,0x00000000f56731f8,0x00000000f5680000)
  to   space 30208K, 0% used [0x00000000f1b80000,0x00000000f1b80000,0x00000000f3900000)
 ParOldGen       total 110080K, used 39054K [0x00000000a0000000, 0x00000000a6b80000, 0x00000000e0000000)
  object space 110080K, 35% used [0x00000000a0000000,0x00000000a2623948,0x00000000a6b80000)
 Metaspace       used 65326K, capacity 67864K, committed 68008K, reserved 1107968K
  class space    used 8750K, capacity 9350K, committed 9392K, reserved 1048576K
}
Event: 6806.713 GC heap before
{Heap before GC invocations=20 (full 3):
 PSYoungGen      total 315392K, used 315340K [0x00000000e0000000, 0x00000000f5680000, 0x0000000100000000)
  eden space 289792K, 100% used [0x00000000e0000000,0x00000000f1b00000,0x00000000f1b00000)
  from space 25600K, 99% used [0x00000000f3d80000,0x00000000f56731f8,0x00000000f5680000)
  to   space 30208K, 0% used [0x00000000f1b80000,0x00000000f1b80000,0x00000000f3900000)
 ParOldGen       total 110080K, used 39054K [0x00000000a0000000, 0x00000000a6b80000, 0x00000000e0000000)
  object space 110080K, 35% used [0x00000000a0000000,0x00000000a2623948,0x00000000a6b80000)
 Metaspace       used 73084K, capacity 76286K, committed 76584K, reserved 1116160K
  class space    used 9698K, capacity 10492K, committed 10544K, reserved 1048576K
Event: 6806.792 GC heap after
Heap after GC invocations=20 (full 3):
 PSYoungGen      total 308224K, used 30177K [0x00000000e0000000, 0x00000000f5980000, 0x0000000100000000)
  eden space 278016K, 0% used [0x00000000e0000000,0x00000000e0000000,0x00000000f0f80000)
  from space 30208K, 99% used [0x00000000f1b80000,0x00000000f38f8410,0x00000000f3900000)
  to   space 33280K, 0% used [0x00000000f3900000,0x00000000f3900000,0x00000000f5980000)
 ParOldGen       total 110080K, used 46260K [0x00000000a0000000, 0x00000000a6b80000, 0x00000000e0000000)
  object space 110080K, 42% used [0x00000000a0000000,0x00000000a2d2d288,0x00000000a6b80000)
 Metaspace       used 73084K, capacity 76286K, committed 76584K, reserved 1116160K
  class space    used 9698K, capacity 10492K, committed 10544K, reserved 1048576K
}

